* Starting client
* Connecting to master process on port 10329
* Analyzing classpath: 
  - /Users/joaopalmeira/Desktop/UM/4ano/1Semestre/ATS/demo2/target/classes
  - /Users/joaopalmeira/Desktop/UM/4ano/1Semestre/ATS/demo2/target/classes
  - /Users/joaopalmeira/.m2/repository/com/google/code/gson/gson/2.6.2/gson-2.6.2.jar
* Finished analyzing classpath
* Generating tests for class CoordinateManager
* Test criteria:
  - Line Coverage
  - Branch Coverage
  - Exception
  - Mutation testing (weak)
  - Method-Output Coverage
  - Top-Level Method Coverage
  - No-Exception Top-Level Method Coverage
  - Context Branch Coverage
* Setting up search algorithm for whole suite generation
[MASTER] 11:46:29.332 [pool-2-thread-1] WARN  TestSuiteSerialization - Cannot load tests because file does not exist: /Users/joaopalmeira/Desktop/UM/4ano/1Semestre/ATS/demo2/.evosuite/evosuite-seeds/CoordinateManager.seed
* Loaded 0 tests from /Users/joaopalmeira/Desktop/UM/4ano/1Semestre/ATS/demo2/.evosuite/evosuite-seeds/CoordinateManager.seed
* Total number of test goals: 
  - Line 42
  - Branch 41
  - Exception 0
  - MutationFactory 557
  - Output 44
  - Method 10
  - MethodNoException 10
  - CBranchFitnessFactory 41
* Using seed 1575373585734
* Starting evolution
* Search finished after 40s and 174 generations, 28007 statements, best individual has fitness: 16.166666666666668
* Writing sequences to pool
* Minimizing test suite
* Going to analyze the coverage criteria
* Coverage analysis for criterion LINE
* Coverage of criterion LINE: 100%
* Total number of goals: 42
* Number of covered goals: 42
* Coverage analysis for criterion BRANCH
* Coverage of criterion BRANCH: 100%
* Total number of goals: 41
* Number of covered goals: 41
* Coverage analysis for criterion EXCEPTION
* Coverage of criterion EXCEPTION: 100%
* Total number of goals: 5
* Number of covered goals: 5
* Coverage analysis for criterion WEAKMUTATION
* Coverage of criterion WEAKMUTATION: 100%
* Total number of goals: 557
* Number of covered goals: 557
* Coverage analysis for criterion OUTPUT
* Coverage of criterion OUTPUT: 64%
* Total number of goals: 44
* Number of covered goals: 28
* Coverage analysis for criterion METHOD
* Coverage of criterion METHOD: 100%
* Total number of goals: 10
* Number of covered goals: 10
* Coverage analysis for criterion METHODNOEXCEPTION
* Coverage of criterion METHODNOEXCEPTION: 100%
* Total number of goals: 10
* Number of covered goals: 10
* Coverage analysis for criterion CBRANCH
* Coverage of criterion CBRANCH: 100%
* Total number of goals: 41
* Number of covered goals: 41
* Generated 42 tests with total length 43
* Resulting test suite's coverage: 95% (average coverage for all fitness functions)
* Generating assertions
* Resulting test suite's mutation score: 60%
* Compiling and checking tests
* Writing JUnit test case 'CoordinateManager_ESTest' to /Users/joaopalmeira/Desktop/UM/4ano/1Semestre/ATS/demo2/.evosuite/tmp_2019_12_03_11_45_57/tests
* Done!

