* Starting client
* Connecting to master process on port 12832
* Analyzing classpath: 
  - /Users/joaopalmeira/Desktop/UM/4ano/1Semestre/ATS/demo2/target/classes
  - /Users/joaopalmeira/Desktop/UM/4ano/1Semestre/ATS/demo2/target/classes
  - /Users/joaopalmeira/.m2/repository/com/google/code/gson/gson/2.6.2/gson-2.6.2.jar
* Finished analyzing classpath
* Generating tests for class Utilizador
* Test criteria:
  - Line Coverage
  - Branch Coverage
  - Exception
  - Mutation testing (weak)
  - Method-Output Coverage
  - Top-Level Method Coverage
  - No-Exception Top-Level Method Coverage
  - Context Branch Coverage
* Setting up search algorithm for whole suite generation
[MASTER] 11:49:11.778 [pool-2-thread-1] WARN  TestSuiteSerialization - Cannot load tests because file does not exist: /Users/joaopalmeira/Desktop/UM/4ano/1Semestre/ATS/demo2/.evosuite/evosuite-seeds/Utilizador.seed
* Loaded 0 tests from /Users/joaopalmeira/Desktop/UM/4ano/1Semestre/ATS/demo2/.evosuite/evosuite-seeds/Utilizador.seed
* Total number of test goals: 
  - Line 54
  - Branch 35
  - Exception 0
  - MutationFactory 57
  - Output 31
  - Method 18
  - MethodNoException 18
  - CBranchFitnessFactory 35
* Using seed 1575373748376
* Starting evolution
* Search finished after 35s and 232 generations, 126942 statements, best individual has fitness: 10.199999870173642
* Writing sequences to pool
* Minimizing test suite
* Going to analyze the coverage criteria
* Coverage analysis for criterion LINE
* Coverage of criterion LINE: 100%
* Total number of goals: 54
* Number of covered goals: 54
* Coverage analysis for criterion BRANCH
* Coverage of criterion BRANCH: 100%
* Total number of goals: 35
* Number of covered goals: 35
* Coverage analysis for criterion EXCEPTION
* Coverage of criterion EXCEPTION: 100%
* Total number of goals: 4
* Number of covered goals: 4
* Coverage analysis for criterion WEAKMUTATION
* Coverage of criterion WEAKMUTATION: 91%
* Total number of goals: 57
* Number of covered goals: 52
* Coverage analysis for criterion OUTPUT
* Coverage of criterion OUTPUT: 84%
* Total number of goals: 31
* Number of covered goals: 26
* Coverage analysis for criterion METHOD
* Coverage of criterion METHOD: 100%
* Total number of goals: 18
* Number of covered goals: 18
* Coverage analysis for criterion METHODNOEXCEPTION
* Coverage of criterion METHODNOEXCEPTION: 100%
* Total number of goals: 18
* Number of covered goals: 18
* Coverage analysis for criterion CBRANCH
* Coverage of criterion CBRANCH: 100%
* Total number of goals: 35
* Number of covered goals: 35
* Generated 35 tests with total length 117
* Resulting test suite's coverage: 97% (average coverage for all fitness functions)
* Generating assertions
[MASTER] 11:49:54.236 [pool-2-thread-1] WARN  SimpleMutationAssertionGenerator - Assertion minimization is taking too long (0.8572% of time used, but only 11/35 tests minimized), falling back to using all assertions
[MASTER] 11:49:55.102 [pool-2-thread-1] WARN  SimpleMutationAssertionGenerator - Reached maximum time to generate assertions, aborting assertion generation
* Resulting test suite's mutation score: 84%
* Compiling and checking tests
* Writing JUnit test case 'Utilizador_ESTest' to /Users/joaopalmeira/Desktop/UM/4ano/1Semestre/ATS/demo2/.evosuite/tmp_2019_12_03_11_45_57/tests
* Done!

