* Starting client
* Connecting to master process on port 20618
* Analyzing classpath: 
  - /Users/joaopalmeira/Desktop/UM/4ano/1Semestre/ATS/demo2/target/classes
  - /Users/joaopalmeira/Desktop/UM/4ano/1Semestre/ATS/demo2/target/classes
  - /Users/joaopalmeira/.m2/repository/com/google/code/gson/gson/2.6.2/gson-2.6.2.jar
* Finished analyzing classpath
* Generating tests for class ComparadorAutonomia
* Test criteria:
  - Line Coverage
  - Branch Coverage
  - Exception
  - Mutation testing (weak)
  - Method-Output Coverage
  - Top-Level Method Coverage
  - No-Exception Top-Level Method Coverage
  - Context Branch Coverage
* Setting up search algorithm for whole suite generation
[MASTER] 11:52:38.880 [pool-2-thread-1] WARN  TestSuiteSerialization - Cannot load tests because file does not exist: /Users/joaopalmeira/Desktop/UM/4ano/1Semestre/ATS/demo2/.evosuite/evosuite-seeds/ComparadorAutonomia.seed
* Loaded 0 tests from /Users/joaopalmeira/Desktop/UM/4ano/1Semestre/ATS/demo2/.evosuite/evosuite-seeds/ComparadorAutonomia.seed
* Total number of test goals: 
  - Line 4
  - Branch 3
  - Exception 0
  - MutationFactory 9
  - Output 3
  - Method 2
  - MethodNoException 2
  - CBranchFitnessFactory 3
* Using seed 1575373956175
* Starting evolution
* Search finished after 32s and 687 generations, 261562 statements, best individual has fitness: 1.5
* Writing sequences to pool
* Minimizing test suite
* Going to analyze the coverage criteria
* Coverage analysis for criterion LINE
* Coverage of criterion LINE: 100%
* Total number of goals: 4
* Number of covered goals: 4
* Coverage analysis for criterion BRANCH
* Coverage of criterion BRANCH: 100%
* Total number of goals: 3
* Number of covered goals: 3
* Coverage analysis for criterion EXCEPTION
* Coverage of criterion EXCEPTION: 100%
* Total number of goals: 1
* Number of covered goals: 1
* Coverage analysis for criterion WEAKMUTATION
* Coverage of criterion WEAKMUTATION: 100%
* Total number of goals: 9
* Number of covered goals: 9
* Coverage analysis for criterion OUTPUT
* Coverage of criterion OUTPUT: 67%
* Total number of goals: 3
* Number of covered goals: 2
* Coverage analysis for criterion METHOD
* Coverage of criterion METHOD: 100%
* Total number of goals: 2
* Number of covered goals: 2
* Coverage analysis for criterion METHODNOEXCEPTION
* Coverage of criterion METHODNOEXCEPTION: 100%
* Total number of goals: 2
* Number of covered goals: 2
* Coverage analysis for criterion CBRANCH
* Coverage of criterion CBRANCH: 100%
* Total number of goals: 3
* Number of covered goals: 3
* Generated 4 tests with total length 17
* Resulting test suite's coverage: 96% (average coverage for all fitness functions)
* Generating assertions
* Resulting test suite's mutation score: 100%
* Compiling and checking tests
[MASTER] 11:53:17.856 [pool-2-thread-1] WARN  TestSuiteGenerator - JUnit checking timed out
[MASTER] 11:53:17.857 [pool-2-thread-1] WARN  TimeController - Phase JUNIT_CHECK lasted too long, 2 seconds more than allowed.
* Writing JUnit test case 'ComparadorAutonomia_ESTest' to /Users/joaopalmeira/Desktop/UM/4ano/1Semestre/ATS/demo2/.evosuite/tmp_2019_12_03_11_45_57/tests
* Done!

