* Starting client
* Connecting to master process on port 7995
* Analyzing classpath: 
  - C:/Users/Duka_/OneDrive/햞ea de Trabalho/ATS/Project/Tarefa 3/EvoSuite/demo1/out/production/demo1
  - C:\Program Files\Java\jdk1.8.0_231\jre\lib\charsets.jar
  - C:\Program Files\Java\jdk1.8.0_231\jre\lib\deploy.jar
  - C:\Program Files\Java\jdk1.8.0_231\jre\lib\ext\access-bridge-64.jar
  - C:\Program Files\Java\jdk1.8.0_231\jre\lib\ext\cldrdata.jar
  - C:\Program Files\Java\jdk1.8.0_231\jre\lib\ext\dnsns.jar
  - C:\Program Files\Java\jdk1.8.0_231\jre\lib\ext\jaccess.jar
  - C:\Program Files\Java\jdk1.8.0_231\jre\lib\ext\jfxrt.jar
  - C:\Program Files\Java\jdk1.8.0_231\jre\lib\ext\localedata.jar
  - C:\Program Files\Java\jdk1.8.0_231\jre\lib\ext\nashorn.jar
  - C:\Program Files\Java\jdk1.8.0_231\jre\lib\ext\sunec.jar
  - C:\Program Files\Java\jdk1.8.0_231\jre\lib\ext\sunjce_provider.jar
  - C:\Program Files\Java\jdk1.8.0_231\jre\lib\ext\sunmscapi.jar
  - C:\Program Files\Java\jdk1.8.0_231\jre\lib\ext\sunpkcs11.jar
  - C:\Program Files\Java\jdk1.8.0_231\jre\lib\ext\zipfs.jar
  - C:\Program Files\Java\jdk1.8.0_231\jre\lib\javaws.jar
  - C:\Program Files\Java\jdk1.8.0_231\jre\lib\jce.jar
  - C:\Program Files\Java\jdk1.8.0_231\jre\lib\jfr.jar
  - C:\Program Files\Java\jdk1.8.0_231\jre\lib\jfxswt.jar
  - C:\Program Files\Java\jdk1.8.0_231\jre\lib\jsse.jar
  - C:\Program Files\Java\jdk1.8.0_231\jre\lib\management-agent.jar
  - C:\Program Files\Java\jdk1.8.0_231\jre\lib\plugin.jar
  - C:\Program Files\Java\jdk1.8.0_231\jre\lib\resources.jar
  - C:\Program Files\Java\jdk1.8.0_231\jre\lib\rt.jar
  - C:\Users\Duka_\OneDrive\햞ea de Trabalho\ATS\Project\Tarefa 3\EvoSuite\demo1\out\production\demo1
* Finished analyzing classpath
* Generating tests for class Utils.Point
* Test criteria:
  - Line Coverage
  - Branch Coverage
  - Exception
  - Mutation testing (weak)
  - Method-Output Coverage
  - Top-Level Method Coverage
  - No-Exception Top-Level Method Coverage
  - Context Branch Coverage
* Setting up search algorithm for whole suite generation
[MASTER] 19:21:01.430 [pool-2-thread-1] WARN  TestSuiteSerialization - Cannot load tests because file does not exist: C:\Users\Duka_\OneDrive\햞ea de Trabalho\ATS\Project\Tarefa 3\EvoSuite\demo1\.evosuite\evosuite-seeds\Utils.Point.seed
* Loaded 0 tests from C:\Users\Duka_\OneDrive\햞ea de Trabalho\ATS\Project\Tarefa 3\EvoSuite\demo1\.evosuite\evosuite-seeds\Utils.Point.seed
* Total number of test goals: 
  - Line 9
  - Branch 6
  - Exception 0
  - MutationFactory 41
  - Output 8
  - Method 4
  - MethodNoException 4
  - CBranchFitnessFactory 6
* Using seed 1577215243515
* Starting evolution
[MASTER] 19:21:01.719 [pool-2-thread-1] WARN  TimeController - Phase INITIALIZATION lasted too long, 9 seconds more than allowed.
* Search finished after 31s and 300 generations, 79386 statements, best individual has fitness: 15.0
* Writing sequences to pool
* Minimizing test suite
* Going to analyze the coverage criteria
* Coverage analysis for criterion LINE
* Coverage of criterion LINE: 78%
* Total number of goals: 9
* Number of covered goals: 7
* Coverage analysis for criterion BRANCH
* Coverage of criterion BRANCH: 67%
* Total number of goals: 6
* Number of covered goals: 4
* Coverage analysis for criterion EXCEPTION
* Coverage of criterion EXCEPTION: 100%
* Total number of goals: 2
* Number of covered goals: 2
* Coverage analysis for criterion WEAKMUTATION
* Coverage of criterion WEAKMUTATION: 95%
* Total number of goals: 41
* Number of covered goals: 39
* Coverage analysis for criterion OUTPUT
* Coverage of criterion OUTPUT: 50%
* Total number of goals: 8
* Number of covered goals: 4
* Coverage analysis for criterion METHOD
* Coverage of criterion METHOD: 100%
* Total number of goals: 4
* Number of covered goals: 4
* Coverage analysis for criterion METHODNOEXCEPTION
* Coverage of criterion METHODNOEXCEPTION: 100%
* Total number of goals: 4
* Number of covered goals: 4
* Coverage analysis for criterion CBRANCH
* Coverage of criterion CBRANCH: 67%
* Total number of goals: 6
* Number of covered goals: 4
* Generated 6 tests with total length 18
* Resulting test suite's coverage: 82% (average coverage for all fitness functions)
* Generating assertions
* Resulting test suite's mutation score: 77%
* Compiling and checking tests
* Writing JUnit test case 'Point_ESTest' to C:\Users\Duka_\OneDrive\햞ea de Trabalho\ATS\Project\Tarefa 3\EvoSuite\demo1\.evosuite\tmp_2019_12_24_19_00_07\tests
* Done!

