* Starting client
* Connecting to master process on port 20415
* Analyzing classpath: 
  - C:/Users/Duka_/OneDrive/햞ea de Trabalho/ATS/Project/Tarefa 3/EvoSuite/demo1/out/production/demo1
  - C:\Program Files\Java\jdk1.8.0_231\jre\lib\charsets.jar
  - C:\Program Files\Java\jdk1.8.0_231\jre\lib\deploy.jar
  - C:\Program Files\Java\jdk1.8.0_231\jre\lib\ext\access-bridge-64.jar
  - C:\Program Files\Java\jdk1.8.0_231\jre\lib\ext\cldrdata.jar
  - C:\Program Files\Java\jdk1.8.0_231\jre\lib\ext\dnsns.jar
  - C:\Program Files\Java\jdk1.8.0_231\jre\lib\ext\jaccess.jar
  - C:\Program Files\Java\jdk1.8.0_231\jre\lib\ext\jfxrt.jar
  - C:\Program Files\Java\jdk1.8.0_231\jre\lib\ext\localedata.jar
  - C:\Program Files\Java\jdk1.8.0_231\jre\lib\ext\nashorn.jar
  - C:\Program Files\Java\jdk1.8.0_231\jre\lib\ext\sunec.jar
  - C:\Program Files\Java\jdk1.8.0_231\jre\lib\ext\sunjce_provider.jar
  - C:\Program Files\Java\jdk1.8.0_231\jre\lib\ext\sunmscapi.jar
  - C:\Program Files\Java\jdk1.8.0_231\jre\lib\ext\sunpkcs11.jar
  - C:\Program Files\Java\jdk1.8.0_231\jre\lib\ext\zipfs.jar
  - C:\Program Files\Java\jdk1.8.0_231\jre\lib\javaws.jar
  - C:\Program Files\Java\jdk1.8.0_231\jre\lib\jce.jar
  - C:\Program Files\Java\jdk1.8.0_231\jre\lib\jfr.jar
  - C:\Program Files\Java\jdk1.8.0_231\jre\lib\jfxswt.jar
  - C:\Program Files\Java\jdk1.8.0_231\jre\lib\jsse.jar
  - C:\Program Files\Java\jdk1.8.0_231\jre\lib\management-agent.jar
  - C:\Program Files\Java\jdk1.8.0_231\jre\lib\plugin.jar
  - C:\Program Files\Java\jdk1.8.0_231\jre\lib\resources.jar
  - C:\Program Files\Java\jdk1.8.0_231\jre\lib\rt.jar
  - C:\Users\Duka_\OneDrive\햞ea de Trabalho\ATS\Project\Tarefa 3\EvoSuite\demo1\out\production\demo1
* Finished analyzing classpath
* Generating tests for class View.ViewModel.TimeInterval
* Test criteria:
  - Line Coverage
  - Branch Coverage
  - Exception
  - Mutation testing (weak)
  - Method-Output Coverage
  - Top-Level Method Coverage
  - No-Exception Top-Level Method Coverage
  - Context Branch Coverage
* Setting up search algorithm for whole suite generation
[MASTER] 19:17:45.518 [pool-2-thread-1] WARN  TestSuiteSerialization - Cannot load tests because file does not exist: C:\Users\Duka_\OneDrive\햞ea de Trabalho\ATS\Project\Tarefa 3\EvoSuite\demo1\.evosuite\evosuite-seeds\View.ViewModel.TimeInterval.seed
* Loaded 0 tests from C:\Users\Duka_\OneDrive\햞ea de Trabalho\ATS\Project\Tarefa 3\EvoSuite\demo1\.evosuite\evosuite-seeds\View.ViewModel.TimeInterval.seed
* Total number of test goals: 
  - Line 6
  - Branch 3
  - Exception 0
  - MutationFactory 0
  - Output 4
  - Method 3
  - MethodNoException 3
  - CBranchFitnessFactory 3
* Using seed 1577215047895
* Starting evolution
[MASTER] 19:17:45.805 [pool-2-thread-1] WARN  TimeController - Phase INITIALIZATION lasted too long, 6 seconds more than allowed.
* Search finished after 6s and 0 generations, 2204 statements, best individual has fitness: 1.0
* Writing sequences to pool
* Minimizing test suite
* Going to analyze the coverage criteria
* Coverage analysis for criterion LINE
* Coverage of criterion LINE: 100%
* Total number of goals: 6
* Number of covered goals: 6
* Coverage analysis for criterion BRANCH
* Coverage of criterion BRANCH: 100%
* Total number of goals: 3
* Number of covered goals: 3
* Coverage analysis for criterion EXCEPTION
* Coverage of criterion EXCEPTION: 100% (no goals)
* Coverage analysis for criterion WEAKMUTATION
* Coverage of criterion WEAKMUTATION: 100% (no goals)
* Coverage analysis for criterion OUTPUT
* Coverage of criterion OUTPUT: 100%
* Total number of goals: 4
* Number of covered goals: 4
* Coverage analysis for criterion METHOD
* Coverage of criterion METHOD: 100%
* Total number of goals: 3
* Number of covered goals: 3
* Coverage analysis for criterion METHODNOEXCEPTION
* Coverage of criterion METHODNOEXCEPTION: 100%
* Total number of goals: 3
* Number of covered goals: 3
* Coverage analysis for criterion CBRANCH
* Coverage of criterion CBRANCH: 100%
* Total number of goals: 3
* Number of covered goals: 3
* Generated 4 tests with total length 12
* Resulting test suite's coverage: 100% (average coverage for all fitness functions)
* Generating assertions
* Resulting test suite's mutation score: 0%
* Compiling and checking tests
[MASTER] 19:17:58.275 [pool-2-thread-1] WARN  TestSuiteGenerator - JUnit checking timed out
* Writing JUnit test case 'TimeInterval_ESTest' to C:\Users\Duka_\OneDrive\햞ea de Trabalho\ATS\Project\Tarefa 3\EvoSuite\demo1\.evosuite\tmp_2019_12_24_19_00_07\tests
* Done!

