* Starting client
* Connecting to master process on port 17362
* Analyzing classpath: 
  - /Users/joaopalmeira/Desktop/UM/4ano/1Semestre/ATS/demo2/target/classes
  - /Users/joaopalmeira/Desktop/UM/4ano/1Semestre/ATS/demo2/target/classes
  - /Users/joaopalmeira/.m2/repository/com/google/code/gson/gson/2.6.2/gson-2.6.2.jar
* Finished analyzing classpath
* Generating tests for class Proprietario
* Test criteria:
  - Line Coverage
  - Branch Coverage
  - Exception
  - Mutation testing (weak)
  - Method-Output Coverage
  - Top-Level Method Coverage
  - No-Exception Top-Level Method Coverage
  - Context Branch Coverage
* Setting up search algorithm for whole suite generation
[MASTER] 11:50:18.538 [pool-2-thread-1] WARN  TestSuiteSerialization - Cannot load tests because file does not exist: /Users/joaopalmeira/Desktop/UM/4ano/1Semestre/ATS/demo2/.evosuite/evosuite-seeds/Proprietario.seed
* Loaded 0 tests from /Users/joaopalmeira/Desktop/UM/4ano/1Semestre/ATS/demo2/.evosuite/evosuite-seeds/Proprietario.seed
* Total number of test goals: 
  - Line 12
  - Branch 11
  - Exception 0
  - MutationFactory 6
  - Output 7
  - Method 6
  - MethodNoException 6
  - CBranchFitnessFactory 11
* Using seed 1575373816420
* Starting evolution
* Search finished after 32s and 852 generations, 203706 statements, best individual has fitness: 3.2
* Writing sequences to pool
* Minimizing test suite
* Going to analyze the coverage criteria
* Coverage analysis for criterion LINE
* Coverage of criterion LINE: 100%
* Total number of goals: 12
* Number of covered goals: 12
* Coverage analysis for criterion BRANCH
* Coverage of criterion BRANCH: 100%
* Total number of goals: 11
* Number of covered goals: 11
* Coverage analysis for criterion EXCEPTION
* Coverage of criterion EXCEPTION: 100%
* Total number of goals: 4
* Number of covered goals: 4
* Coverage analysis for criterion WEAKMUTATION
* Coverage of criterion WEAKMUTATION: 100%
* Total number of goals: 6
* Number of covered goals: 6
* Coverage analysis for criterion OUTPUT
* Coverage of criterion OUTPUT: 57%
* Total number of goals: 7
* Number of covered goals: 4
* Coverage analysis for criterion METHOD
* Coverage of criterion METHOD: 100%
* Total number of goals: 6
* Number of covered goals: 6
* Coverage analysis for criterion METHODNOEXCEPTION
* Coverage of criterion METHODNOEXCEPTION: 100%
* Total number of goals: 6
* Number of covered goals: 6
* Coverage analysis for criterion CBRANCH
* Coverage of criterion CBRANCH: 100%
* Total number of goals: 11
* Number of covered goals: 11
* Generated 11 tests with total length 30
* Resulting test suite's coverage: 95% (average coverage for all fitness functions)
* Generating assertions
* Resulting test suite's mutation score: 83%
* Compiling and checking tests
* Writing JUnit test case 'Proprietario_ESTest' to /Users/joaopalmeira/Desktop/UM/4ano/1Semestre/ATS/demo2/.evosuite/tmp_2019_12_03_11_45_57/tests
* Done!

